2025-01-18 14:08:12,514 - INFO - Scanning for query: blob.core.windows.net sig=
2025-01-18 14:08:14,600 - WARNING - Found potential SAS token in doc-analysis/TableBank/MODEL_ZOO.md
2025-01-18 14:08:14,601 - WARNING - Found potential SAS token in doc-analysis/TableBank/MODEL_ZOO.md
2025-01-18 14:08:14,601 - WARNING - Found potential SAS token in doc-analysis/TableBank/MODEL_ZOO.md
2025-01-18 14:08:14,601 - WARNING - Found potential SAS token in doc-analysis/TableBank/MODEL_ZOO.md
2025-01-18 14:08:14,601 - WARNING - Found potential SAS token in doc-analysis/TableBank/MODEL_ZOO.md
2025-01-18 14:08:14,602 - WARNING - Found potential SAS token in doc-analysis/TableBank/MODEL_ZOO.md
2025-01-18 14:08:15,783 - WARNING - Found potential SAS token in sawyerf/HackSheet/wiki/Cloud.md
2025-01-18 14:08:15,783 - WARNING - Found potential SAS token in sawyerf/HackSheet/wiki/Cloud.md
2025-01-18 14:08:16,551 - WARNING - Found potential SAS token in microsoft/BridgeTower/README.md
2025-01-18 14:08:16,552 - WARNING - Found potential SAS token in microsoft/BridgeTower/README.md
2025-01-18 14:08:16,552 - WARNING - Found potential SAS token in microsoft/BridgeTower/README.md
2025-01-18 14:08:16,552 - WARNING - Found potential SAS token in microsoft/BridgeTower/README.md
2025-01-18 14:08:16,552 - WARNING - Found potential SAS token in microsoft/BridgeTower/README.md
2025-01-18 14:08:16,552 - WARNING - Found potential SAS token in microsoft/BridgeTower/README.md
2025-01-18 14:08:16,552 - WARNING - Found potential SAS token in microsoft/BridgeTower/README.md
2025-01-18 14:08:16,553 - WARNING - Found potential SAS token in microsoft/BridgeTower/README.md
2025-01-18 14:08:16,553 - WARNING - Found potential SAS token in microsoft/BridgeTower/README.md
2025-01-18 14:08:16,553 - WARNING - Found potential SAS token in microsoft/BridgeTower/README.md
2025-01-18 14:08:16,553 - WARNING - Found potential SAS token in microsoft/BridgeTower/README.md
2025-01-18 14:08:17,774 - WARNING - Found potential SAS token in PacificBiosciences/HiFi-human-WGS-WDL/docs/backend-azure.md
2025-01-18 14:08:19,579 - WARNING - Found potential SAS token in ChunyuanLI/Optimus/doc/optimius_for_snli.md
2025-01-18 14:08:20,214 - WARNING - Found potential SAS token in LLaVA-VL/LLaVA-Med-preview/download_data.sh
2025-01-18 14:08:20,821 - WARNING - Found potential SAS token in solliancenet/nosql-openhack/deploy.ps1
2025-01-18 14:08:22,790 - WARNING - Found potential SAS token in NINAnor/rare_species_detections/dcase_setup.sh
2025-01-18 14:08:23,908 - WARNING - Found potential SAS token in garyttierney/me3/CONTRIBUTING.md
2025-01-18 14:08:24,554 - WARNING - Found potential SAS token in Advsol/Innovations2019-react-starter/sync-demo.bat
2025-01-18 14:08:25,157 - WARNING - Found potential SAS token in Autodesk-Forge/design.automation-.net-input.output.sample/Program.cs
2025-01-18 14:08:26,299 - WARNING - Found potential SAS token in bdbcat/oesenc_pi/API12.txt
2025-01-18 14:08:28,816 - WARNING - Found potential SAS token in DestructiveSoul/GKEDemo/Dockerfile
2025-01-18 14:08:30,348 - WARNING - Found potential SAS token in cookiethome/my-first-static-web-app/src/script.js
2025-01-18 14:08:30,349 - WARNING - Found potential SAS token in cookiethome/my-first-static-web-app/src/script.js
2025-01-18 14:08:30,349 - WARNING - Found potential SAS token in cookiethome/my-first-static-web-app/src/script.js
2025-01-18 14:08:30,353 - WARNING - Found potential SAS token in cookiethome/my-first-static-web-app/src/script.js
2025-01-18 14:08:30,354 - WARNING - Found potential SAS token in cookiethome/my-first-static-web-app/src/script.js
2025-01-18 14:08:31,641 - WARNING - Found potential SAS token in SUC-DriverOld/so-vits-svc-Deployment-Documents/README_zh_CN.md
2025-01-18 14:08:32,247 - WARNING - Found potential SAS token in msalvaris/DaskKubernetes/storage.py
2025-01-18 14:08:32,248 - WARNING - Found potential SAS token in msalvaris/DaskKubernetes/storage.py
2025-01-18 14:08:33,208 - WARNING - Found potential SAS token in microsoft/AzureSuperpowers/docs/AzureSuperpowers.md
2025-01-18 14:08:33,209 - WARNING - Found potential SAS token in microsoft/AzureSuperpowers/docs/AzureSuperpowers.md
2025-01-18 14:08:33,209 - WARNING - Found potential SAS token in microsoft/AzureSuperpowers/docs/AzureSuperpowers.md
2025-01-18 14:08:33,209 - WARNING - Found potential SAS token in microsoft/AzureSuperpowers/docs/AzureSuperpowers.md
2025-01-18 14:08:33,209 - WARNING - Found potential SAS token in microsoft/AzureSuperpowers/docs/AzureSuperpowers.md
2025-01-18 14:08:33,209 - WARNING - Found potential SAS token in microsoft/AzureSuperpowers/docs/AzureSuperpowers.md
2025-01-18 14:08:33,209 - WARNING - Found potential SAS token in microsoft/AzureSuperpowers/docs/AzureSuperpowers.md
2025-01-18 14:08:36,654 - WARNING - Found potential SAS token in Raphael-Hao/brainstorm/benchmark/swin_moe/run.md
2025-01-18 14:08:37,314 - WARNING - Found potential SAS token in davew-msft/synapse/Lab030.sql
2025-01-18 14:08:37,315 - WARNING - Found potential SAS token in davew-msft/synapse/Lab030.sql
2025-01-18 14:08:37,315 - WARNING - Found potential SAS token in davew-msft/synapse/Lab030.sql
2025-01-18 14:08:38,001 - WARNING - Found potential SAS token in hakyimlab/gtex-gwas-analysis/data/gwas_metadata.txt
2025-01-18 14:08:38,001 - WARNING - Found potential SAS token in hakyimlab/gtex-gwas-analysis/data/gwas_metadata.txt
2025-01-18 14:08:38,001 - WARNING - Found potential SAS token in hakyimlab/gtex-gwas-analysis/data/gwas_metadata.txt
2025-01-18 14:08:38,001 - WARNING - Found potential SAS token in hakyimlab/gtex-gwas-analysis/data/gwas_metadata.txt
2025-01-18 14:08:39,201 - WARNING - Found potential SAS token in rahulbagal/upload-file-azure-sas-url/main.py
2025-01-18 14:08:41,145 - WARNING - Found potential SAS token in Azure/azvmimagebuilder/vhdUpdate2021.md
2025-01-18 14:08:41,145 - WARNING - Found potential SAS token in Azure/azvmimagebuilder/vhdUpdate2021.md
2025-01-18 14:08:41,675 - WARNING - Found potential SAS token in rdavisau/tbc/src/samples/maui/readme.md
2025-01-18 14:08:41,675 - WARNING - Found potential SAS token in rdavisau/tbc/src/samples/maui/readme.md
2025-01-18 14:08:42,185 - WARNING - Found potential SAS token in sharkawy98/raisa-tasks/task0.py
2025-01-18 14:08:42,737 - WARNING - Found potential SAS token in webmaxru/dnv-hackathon/index.js
2025-01-18 14:08:43,445 - WARNING - Found potential SAS token in microsoft-healthcare-madison/team/videos.md
2025-01-18 14:08:43,446 - WARNING - Found potential SAS token in microsoft-healthcare-madison/team/videos.md
2025-01-18 14:08:43,446 - WARNING - Found potential SAS token in microsoft-healthcare-madison/team/videos.md
2025-01-18 14:08:43,446 - WARNING - Found potential SAS token in microsoft-healthcare-madison/team/videos.md
2025-01-18 14:08:43,446 - WARNING - Found potential SAS token in microsoft-healthcare-madison/team/videos.md
2025-01-18 14:08:44,033 - WARNING - Found potential SAS token in sharkawy98/raisa-tasks/task4.py
2025-01-18 14:08:44,577 - WARNING - Found potential SAS token in davew-msft/synapse/serverless_etl.sql
2025-01-18 14:08:44,578 - WARNING - Found potential SAS token in davew-msft/synapse/serverless_etl.sql
2025-01-18 14:08:44,578 - WARNING - Found potential SAS token in davew-msft/synapse/serverless_etl.sql
2025-01-18 14:08:45,190 - WARNING - Found potential SAS token in Nore5515/c4tbot/scripts/upload.sh
2025-01-18 14:08:47,099 - WARNING - Found potential SAS token in rdavisau/tbc/readme.md
2025-01-18 14:08:47,100 - WARNING - Found potential SAS token in rdavisau/tbc/readme.md
2025-01-18 14:08:47,831 - WARNING - Found potential SAS token in microsoft/Health-AI-Blueprints-TA4HVisualizer/server.js
2025-01-18 14:08:48,431 - WARNING - Found potential SAS token in kyegomez/KosmosX-API/Dockerfile
2025-01-18 14:08:49,016 - WARNING - Found potential SAS token in johnthiriet/Xamarin.Android.Huawei.Hms/build.cake
2025-01-18 14:08:49,786 - WARNING - Found potential SAS token in microsoft/art/developer_guide.md
2025-01-18 14:08:53,461 - WARNING - Found potential SAS token in Ercenk/gosurvey/getCounter.php
2025-01-18 14:08:54,144 - WARNING - Found potential SAS token in zhengkid/PartialFormer/azsync.py
2025-01-18 14:08:54,687 - WARNING - Found potential SAS token in extratone/bilge/posts/licking-missouri.md
2025-01-18 14:08:55,451 - WARNING - Found potential SAS token in TimHanewich/Baseball-Betting-NN/readme.md
2025-01-18 14:08:55,452 - WARNING - Found potential SAS token in TimHanewich/Baseball-Betting-NN/readme.md
2025-01-18 14:08:55,452 - WARNING - Found potential SAS token in TimHanewich/Baseball-Betting-NN/readme.md
2025-01-18 14:08:55,452 - WARNING - Found potential SAS token in TimHanewich/Baseball-Betting-NN/readme.md
2025-01-18 14:08:55,452 - WARNING - Found potential SAS token in TimHanewich/Baseball-Betting-NN/readme.md
2025-01-18 14:08:55,453 - WARNING - Found potential SAS token in TimHanewich/Baseball-Betting-NN/readme.md
2025-01-18 14:08:55,453 - WARNING - Found potential SAS token in TimHanewich/Baseball-Betting-NN/readme.md
2025-01-18 14:08:56,673 - WARNING - Found potential SAS token in seguler/static-website-blob-browser/src/index.js
2025-01-18 14:08:57,819 - WARNING - Found potential SAS token in queenaler/arch2cloud/arch2cloud
2025-01-18 14:08:57,820 - WARNING - Found potential SAS token in queenaler/arch2cloud/arch2cloud
2025-01-18 14:08:57,820 - WARNING - Found potential SAS token in queenaler/arch2cloud/arch2cloud
2025-01-18 14:08:57,820 - WARNING - Found potential SAS token in queenaler/arch2cloud/arch2cloud
2025-01-18 14:08:57,820 - WARNING - Found potential SAS token in queenaler/arch2cloud/arch2cloud
2025-01-18 14:08:58,425 - WARNING - Found potential SAS token in shannuvijaya/Documents/Terraform Testing.txt
2025-01-18 14:08:58,425 - WARNING - Found potential SAS token in shannuvijaya/Documents/Terraform Testing.txt
2025-01-18 14:08:59,040 - WARNING - Found potential SAS token in evcu/cv2016/hw3/getData.sh
2025-01-18 14:08:59,040 - WARNING - Found potential SAS token in evcu/cv2016/hw3/getData.sh
2025-01-18 14:09:01,691 - WARNING - Found potential SAS token in DXFrance/BlueFrogHackfest/BlobStorage/ProvideSAS.md
2025-01-18 14:09:01,691 - WARNING - Found potential SAS token in DXFrance/BlueFrogHackfest/BlobStorage/ProvideSAS.md
2025-01-18 14:09:01,691 - WARNING - Found potential SAS token in DXFrance/BlueFrogHackfest/BlobStorage/ProvideSAS.md
2025-01-18 14:09:01,692 - WARNING - Found potential SAS token in DXFrance/BlueFrogHackfest/BlobStorage/ProvideSAS.md
2025-01-18 14:09:01,692 - WARNING - Found potential SAS token in DXFrance/BlueFrogHackfest/BlobStorage/ProvideSAS.md
2025-01-18 14:09:02,421 - WARNING - Found potential SAS token in davew-msft/synapse/Lab005.md
2025-01-18 14:09:02,421 - WARNING - Found potential SAS token in davew-msft/synapse/Lab005.md
2025-01-18 14:09:03,690 - WARNING - Found potential SAS token in Dannynis/deep_learning_course/day_8/data_path.txt
2025-01-18 14:09:04,902 - WARNING - Found potential SAS token in katha-ai/VELOCITI/model_loaders.py
2025-01-18 14:09:05,441 - WARNING - Found potential SAS token in jackgerrits/vw-perf/prepare.py
2025-01-18 14:09:06,200 - WARNING - Found potential SAS token in ue4plugins/UnrealPixelStreamingOnAzure/packer/README.md
2025-01-18 14:09:07,606 - WARNING - Found potential SAS token in shaneochotny/Azure-Synapse-Analytics-PoC/deploySynapse.sh
2025-01-18 14:09:08,544 - WARNING - Found potential SAS token in dmca-services/widget/widget.js
2025-01-18 14:09:08,544 - WARNING - Found potential SAS token in dmca-services/widget/widget.js
2025-01-18 14:09:09,903 - WARNING - Found potential SAS token in keboola/sapi-r-client/R/client.R
2025-01-18 14:09:09,903 - WARNING - Found potential SAS token in keboola/sapi-r-client/R/client.R
2025-01-18 14:09:10,488 - WARNING - Found potential SAS token in wsteitz/mars_express/src/ensemble.py
2025-01-18 14:09:11,105 - WARNING - Found potential SAS token in thedatadudech/hello_world_flask/src/app.py
2025-01-18 14:09:13,160 - WARNING - Found potential SAS token in OLC-Bioinformatics/ConFindr/docs/usage.md
2025-01-18 14:09:13,161 - WARNING - Found potential SAS token in OLC-Bioinformatics/ConFindr/docs/usage.md
2025-01-18 14:09:13,752 - WARNING - Found potential SAS token in abhirockzz/azure-dataexplorer-go/cli/ingest.go
2025-01-18 14:09:13,753 - WARNING - Found potential SAS token in abhirockzz/azure-dataexplorer-go/cli/ingest.go
2025-01-18 14:09:14,548 - WARNING - Found potential SAS token in simon19891101/Titanic/Project2.R
2025-01-18 14:09:14,548 - WARNING - Found potential SAS token in simon19891101/Titanic/Project2.R
2025-01-18 14:09:14,548 - WARNING - Found potential SAS token in simon19891101/Titanic/Project2.R
2025-01-18 14:09:17,613 - WARNING - Found potential SAS token in chmitch/AIAdjacent/Student/01-Setup.md
2025-01-18 14:09:18,264 - WARNING - Found potential SAS token in yutong1231/PUTJDZ/readme/prepare_data.md
2025-01-18 14:09:19,775 - WARNING - Found potential SAS token in JeremyMorgan/Cheesy-Vue-Blog/pushfiles.bat
2025-01-18 14:09:20,340 - WARNING - Found potential SAS token in mitchpaulus/dotfiles/notes/azure.md
2025-01-18 14:09:20,342 - INFO - Scanning for query: sv= sp= sig= blob.core.windows.net
2025-01-18 14:09:22,340 - WARNING - Found potential SAS token in sawyerf/HackSheet/wiki/Cloud.md
2025-01-18 14:09:22,341 - WARNING - Found potential SAS token in sawyerf/HackSheet/wiki/Cloud.md
2025-01-18 14:09:22,948 - WARNING - Found potential SAS token in doc-analysis/TableBank/MODEL_ZOO.md
2025-01-18 14:09:22,949 - WARNING - Found potential SAS token in doc-analysis/TableBank/MODEL_ZOO.md
2025-01-18 14:09:22,949 - WARNING - Found potential SAS token in doc-analysis/TableBank/MODEL_ZOO.md
2025-01-18 14:09:22,949 - WARNING - Found potential SAS token in doc-analysis/TableBank/MODEL_ZOO.md
2025-01-18 14:09:22,949 - WARNING - Found potential SAS token in doc-analysis/TableBank/MODEL_ZOO.md
2025-01-18 14:09:22,949 - WARNING - Found potential SAS token in doc-analysis/TableBank/MODEL_ZOO.md
2025-01-18 14:09:23,720 - WARNING - Found potential SAS token in microsoft/BridgeTower/README.md
2025-01-18 14:09:23,721 - WARNING - Found potential SAS token in microsoft/BridgeTower/README.md
2025-01-18 14:09:23,721 - WARNING - Found potential SAS token in microsoft/BridgeTower/README.md
2025-01-18 14:09:23,721 - WARNING - Found potential SAS token in microsoft/BridgeTower/README.md
2025-01-18 14:09:23,722 - WARNING - Found potential SAS token in microsoft/BridgeTower/README.md
2025-01-18 14:09:23,722 - WARNING - Found potential SAS token in microsoft/BridgeTower/README.md
2025-01-18 14:09:23,722 - WARNING - Found potential SAS token in microsoft/BridgeTower/README.md
2025-01-18 14:09:23,722 - WARNING - Found potential SAS token in microsoft/BridgeTower/README.md
2025-01-18 14:09:23,722 - WARNING - Found potential SAS token in microsoft/BridgeTower/README.md
2025-01-18 14:09:23,722 - WARNING - Found potential SAS token in microsoft/BridgeTower/README.md
2025-01-18 14:09:23,722 - WARNING - Found potential SAS token in microsoft/BridgeTower/README.md
2025-01-18 14:09:26,382 - WARNING - Found potential SAS token in ChunyuanLI/Optimus/doc/optimius_for_snli.md
2025-01-18 14:09:28,937 - WARNING - Found potential SAS token in LLaVA-VL/LLaVA-Med-preview/download_data.sh
2025-01-18 14:09:32,240 - WARNING - Found potential SAS token in NINAnor/rare_species_detections/dcase_setup.sh
2025-01-18 14:09:32,866 - WARNING - Found potential SAS token in Autodesk-Forge/design.automation-.net-input.output.sample/Program.cs
2025-01-18 14:09:33,488 - WARNING - Found potential SAS token in bdbcat/oesenc_pi/API12.txt
2025-01-18 14:09:34,057 - WARNING - Found potential SAS token in garyttierney/me3/CONTRIBUTING.md
2025-01-18 14:09:34,716 - WARNING - Found potential SAS token in solliancenet/nosql-openhack/deploy.ps1
2025-01-18 14:09:35,431 - WARNING - Found potential SAS token in zooniverse/subject-assistant/src/demo-data/task.txt
2025-01-18 14:09:35,432 - WARNING - Found potential SAS token in zooniverse/subject-assistant/src/demo-data/task.txt
2025-01-18 14:09:35,432 - WARNING - Found potential SAS token in zooniverse/subject-assistant/src/demo-data/task.txt
2025-01-18 14:09:35,960 - WARNING - Found potential SAS token in DFE-Digital/get-into-teaching-app/google/drive/upload.txt
2025-01-18 14:09:36,653 - WARNING - Found potential SAS token in microsoft/Health-AI-Blueprints-TA4HVisualizer/server.js
2025-01-18 14:09:37,244 - WARNING - Found potential SAS token in rdavisau/tbc/readme.md
2025-01-18 14:09:37,245 - WARNING - Found potential SAS token in rdavisau/tbc/readme.md
2025-01-18 14:09:38,710 - WARNING - Found potential SAS token in msalvaris/DaskKubernetes/storage.py
2025-01-18 14:09:38,710 - WARNING - Found potential SAS token in msalvaris/DaskKubernetes/storage.py
2025-01-18 14:09:39,325 - WARNING - Found potential SAS token in johnthiriet/Xamarin.Android.Huawei.Hms/build.cake
2025-01-18 14:09:39,937 - WARNING - Found potential SAS token in rahulbagal/upload-file-azure-sas-url/main.py
2025-01-18 14:09:40,540 - WARNING - Found potential SAS token in Advsol/Innovations2019-react-starter/sync-demo.bat
2025-01-18 14:09:41,167 - WARNING - Found potential SAS token in Computer-Vision-in-the-Wild/Elevater_Toolkit_IC/submission_file_readme.md
2025-01-18 14:09:41,167 - WARNING - Found potential SAS token in Computer-Vision-in-the-Wild/Elevater_Toolkit_IC/submission_file_readme.md
2025-01-18 14:09:41,947 - WARNING - Found potential SAS token in SUC-DriverOld/so-vits-svc-Deployment-Documents/README_zh_CN.md
2025-01-18 14:09:43,212 - WARNING - Found potential SAS token in sharkawy98/raisa-tasks/task0.py
2025-01-18 14:09:43,829 - WARNING - Found potential SAS token in davew-msft/synapse/Lab030.sql
2025-01-18 14:09:43,830 - WARNING - Found potential SAS token in davew-msft/synapse/Lab030.sql
2025-01-18 14:09:43,830 - WARNING - Found potential SAS token in davew-msft/synapse/Lab030.sql
2025-01-18 14:09:44,443 - WARNING - Found potential SAS token in sharkawy98/raisa-tasks/task4.py
2025-01-18 14:09:45,162 - WARNING - Found potential SAS token in seguler/static-website-blob-browser/src/index.js
2025-01-18 14:09:45,775 - WARNING - Found potential SAS token in zheng-ningxin/SparTA/script/init_env.sh
2025-01-18 14:09:46,492 - WARNING - Found potential SAS token in davew-msft/synapse/serverless_etl.sql
2025-01-18 14:09:46,493 - WARNING - Found potential SAS token in davew-msft/synapse/serverless_etl.sql
2025-01-18 14:09:46,493 - WARNING - Found potential SAS token in davew-msft/synapse/serverless_etl.sql
2025-01-18 14:09:47,096 - WARNING - Found potential SAS token in Raphael-Hao/brainstorm/benchmark/swin_moe/run.md
2025-01-18 14:09:47,718 - WARNING - Found potential SAS token in sharkawy98/raisa-tasks/outputs/wells.py
2025-01-18 14:09:47,718 - WARNING - Found potential SAS token in sharkawy98/raisa-tasks/outputs/wells.py
2025-01-18 14:09:48,437 - WARNING - Found potential SAS token in zhengkid/PartialFormer/azsync.py
2025-01-18 14:09:49,154 - WARNING - Found potential SAS token in kyegomez/KosmosX-API/Dockerfile
2025-01-18 14:09:49,728 - WARNING - Found potential SAS token in OLC-Bioinformatics/ConFindr/docs/usage.md
2025-01-18 14:09:49,728 - WARNING - Found potential SAS token in OLC-Bioinformatics/ConFindr/docs/usage.md
2025-01-18 14:09:50,360 - WARNING - Found potential SAS token in hakyimlab/gtex-gwas-analysis/data/gwas_metadata.txt
2025-01-18 14:09:50,361 - WARNING - Found potential SAS token in hakyimlab/gtex-gwas-analysis/data/gwas_metadata.txt
2025-01-18 14:09:50,361 - WARNING - Found potential SAS token in hakyimlab/gtex-gwas-analysis/data/gwas_metadata.txt
2025-01-18 14:09:50,361 - WARNING - Found potential SAS token in hakyimlab/gtex-gwas-analysis/data/gwas_metadata.txt
2025-01-18 14:09:51,222 - WARNING - Found potential SAS token in katha-ai/VELOCITI/model_loaders.py
2025-01-18 14:09:52,034 - WARNING - Found potential SAS token in delormej/irt_client/src/scripts/main.js
2025-01-18 14:09:52,643 - WARNING - Found potential SAS token in DestructiveSoul/GKEDemo/Dockerfile
2025-01-18 14:09:55,864 - WARNING - Found potential SAS token in Advsol/Innovations2019-config-page/sync-demo.bat
2025-01-18 14:09:56,361 - WARNING - Found potential SAS token in shaneochotny/Azure-Synapse-Analytics-PoC/deploySynapse.sh
2025-01-18 14:09:58,517 - WARNING - Found potential SAS token in jackgerrits/vw-perf/prepare.py
2025-01-18 14:09:59,010 - WARNING - Found potential SAS token in extratone/bilge/posts/licking-missouri.md
2025-01-18 14:10:00,235 - WARNING - Found potential SAS token in wsteitz/mars_express/src/ensemble.py
2025-01-18 14:10:01,215 - WARNING - Found potential SAS token in microsoft-healthcare-madison/team/videos.md
2025-01-18 14:10:01,215 - WARNING - Found potential SAS token in microsoft-healthcare-madison/team/videos.md
2025-01-18 14:10:01,216 - WARNING - Found potential SAS token in microsoft-healthcare-madison/team/videos.md
2025-01-18 14:10:01,216 - WARNING - Found potential SAS token in microsoft-healthcare-madison/team/videos.md
2025-01-18 14:10:01,216 - WARNING - Found potential SAS token in microsoft-healthcare-madison/team/videos.md
2025-01-18 14:10:02,956 - WARNING - Found potential SAS token in keboola/sapi-r-client/R/client.R
2025-01-18 14:10:02,957 - WARNING - Found potential SAS token in keboola/sapi-r-client/R/client.R
2025-01-18 14:10:03,533 - WARNING - Found potential SAS token in JeremyMorgan/Cheesy-Vue-Blog/pushfiles.bat
2025-01-18 14:10:05,632 - WARNING - Found potential SAS token in cookiethome/my-first-static-web-app/src/script.js
2025-01-18 14:10:05,633 - WARNING - Found potential SAS token in cookiethome/my-first-static-web-app/src/script.js
2025-01-18 14:10:05,633 - WARNING - Found potential SAS token in cookiethome/my-first-static-web-app/src/script.js
2025-01-18 14:10:05,634 - WARNING - Found potential SAS token in cookiethome/my-first-static-web-app/src/script.js
2025-01-18 14:10:05,634 - WARNING - Found potential SAS token in cookiethome/my-first-static-web-app/src/script.js
2025-01-18 14:10:06,270 - WARNING - Found potential SAS token in Ercenk/gosurvey/getCounter.php
2025-01-18 14:10:06,813 - WARNING - Found potential SAS token in Dannynis/deep_learning_course/day_8/data_path.txt
2025-01-18 14:10:07,632 - WARNING - Found potential SAS token in abhirockzz/azure-dataexplorer-go/cli/ingest.go
2025-01-18 14:10:07,634 - WARNING - Found potential SAS token in abhirockzz/azure-dataexplorer-go/cli/ingest.go
2025-01-18 14:10:10,201 - WARNING - Found potential SAS token in davew-msft/synapse/Lab005.md
2025-01-18 14:10:10,202 - WARNING - Found potential SAS token in davew-msft/synapse/Lab005.md
2025-01-18 14:10:10,793 - WARNING - Found potential SAS token in MattyLowe/com682/JS/pokemon.js
2025-01-18 14:10:10,793 - WARNING - Found potential SAS token in MattyLowe/com682/JS/pokemon.js
2025-01-18 14:10:10,793 - WARNING - Found potential SAS token in MattyLowe/com682/JS/pokemon.js
2025-01-18 14:10:10,793 - WARNING - Found potential SAS token in MattyLowe/com682/JS/pokemon.js
2025-01-18 14:10:10,793 - WARNING - Found potential SAS token in MattyLowe/com682/JS/pokemon.js
2025-01-18 14:10:10,794 - WARNING - Found potential SAS token in MattyLowe/com682/JS/pokemon.js
2025-01-18 14:10:11,380 - WARNING - Found potential SAS token in Explico-Engineering/explico-engineering.github.io/src/js/main.js
2025-01-18 14:10:11,381 - WARNING - Found potential SAS token in Explico-Engineering/explico-engineering.github.io/src/js/main.js
2025-01-18 14:10:12,051 - WARNING - Found potential SAS token in evcu/cv2016/hw3/getData.sh
2025-01-18 14:10:12,051 - WARNING - Found potential SAS token in evcu/cv2016/hw3/getData.sh
2025-01-18 14:10:13,374 - WARNING - Found potential SAS token in dmca-services/widget/widget.js
2025-01-18 14:10:13,374 - WARNING - Found potential SAS token in dmca-services/widget/widget.js
2025-01-18 14:10:14,017 - WARNING - Found potential SAS token in ANFTechTeam/anf-sql-snapshot-scheduler/NetAppSQL/run.ps1
2025-01-18 14:10:15,128 - WARNING - Found potential SAS token in robotastic/radiostar/blobrx_nogui.py
2025-01-18 14:10:16,373 - WARNING - Found potential SAS token in DXFrance/BlueFrogHackfest/BlobStorage/ProvideSAS.md
2025-01-18 14:10:16,374 - WARNING - Found potential SAS token in DXFrance/BlueFrogHackfest/BlobStorage/ProvideSAS.md
2025-01-18 14:10:16,374 - WARNING - Found potential SAS token in DXFrance/BlueFrogHackfest/BlobStorage/ProvideSAS.md
2025-01-18 14:10:16,374 - WARNING - Found potential SAS token in DXFrance/BlueFrogHackfest/BlobStorage/ProvideSAS.md
2025-01-18 14:10:16,374 - WARNING - Found potential SAS token in DXFrance/BlueFrogHackfest/BlobStorage/ProvideSAS.md
2025-01-18 14:10:16,989 - WARNING - Found potential SAS token in Sainathplv/UTA-WEBSITE/src/exams.js
2025-01-18 14:10:17,613 - WARNING - Found potential SAS token in jfraj/kaggle_titanic/myfirstforest.py
2025-01-18 14:10:18,269 - WARNING - Found potential SAS token in webmaxru/dnv-hackathon/index.js
2025-01-18 14:10:18,811 - WARNING - Found potential SAS token in qi-feng/ClassificationUsingScikitLearn/rf_module.py
2025-01-18 14:10:20,708 - WARNING - Found potential SAS token in AryaGhodsi/TestRepo/helloworld.py
2025-01-18 14:10:20,709 - WARNING - Found potential SAS token in AryaGhodsi/TestRepo/helloworld.py
2025-01-18 14:10:21,244 - WARNING - Found potential SAS token in valeria-a/morning-ninjas/lesson37/scrap.py
2025-01-18 14:10:23,105 - WARNING - Found potential SAS token in mitchpaulus/dotfiles/notes/azure.md
2025-01-18 14:10:23,596 - WARNING - Found potential SAS token in chmitch/AIAdjacent/Student/01-Setup.md
2025-01-18 14:10:24,198 - WARNING - Found potential SAS token in davew-msft/synapse/fb-labs/Lab01.md
2025-01-18 14:10:24,198 - WARNING - Found potential SAS token in davew-msft/synapse/fb-labs/Lab01.md
2025-01-18 14:10:25,353 - WARNING - Found potential SAS token in jxxcarlson/exo-nn/volve.txt
2025-01-18 14:10:26,068 - WARNING - Found potential SAS token in koksmat-com/koksmat/cmd/ship.go
2025-01-18 14:10:26,654 - WARNING - Found potential SAS token in Sainathplv/UTA-WEBSITE/src/feedback.js
2025-01-18 14:10:27,627 - WARNING - Found potential SAS token in mirkosalomo/Churn_Prediction/config.py
2025-01-18 14:10:27,628 - WARNING - Found potential SAS token in mirkosalomo/Churn_Prediction/config.py
2025-01-18 14:10:28,273 - WARNING - Found potential SAS token in Balkiska/CloudComputing/toknow
2025-01-18 14:10:28,278 - INFO - Scanning for query: SharedAccessSignature sr=
2025-01-18 14:12:44,503 - WARNING - Found potential SAS token in DataFire/Integrations/integrations/generated/azure_migrateprojects_migrate/openapi.json
2025-01-18 14:13:02,267 - INFO - Scanning for query: blob.core.windows.net sig=
2025-01-18 14:13:03,548 - WARNING - Found potential SAS token in doc-analysis/TableBank/MODEL_ZOO.md
2025-01-18 14:13:03,548 - WARNING - Found potential SAS token in doc-analysis/TableBank/MODEL_ZOO.md
2025-01-18 14:13:03,548 - WARNING - Found potential SAS token in doc-analysis/TableBank/MODEL_ZOO.md
2025-01-18 14:13:03,548 - WARNING - Found potential SAS token in doc-analysis/TableBank/MODEL_ZOO.md
2025-01-18 14:13:03,549 - WARNING - Found potential SAS token in doc-analysis/TableBank/MODEL_ZOO.md
2025-01-18 14:13:03,549 - WARNING - Found potential SAS token in doc-analysis/TableBank/MODEL_ZOO.md
2025-01-18 14:13:04,555 - WARNING - Found potential SAS token in sawyerf/HackSheet/wiki/Cloud.md
2025-01-18 14:13:04,555 - WARNING - Found potential SAS token in sawyerf/HackSheet/wiki/Cloud.md
2025-01-18 14:13:05,199 - WARNING - Found potential SAS token in microsoft/BridgeTower/README.md
2025-01-18 14:13:05,200 - WARNING - Found potential SAS token in microsoft/BridgeTower/README.md
2025-01-18 14:13:05,200 - WARNING - Found potential SAS token in microsoft/BridgeTower/README.md
2025-01-18 14:13:05,201 - WARNING - Found potential SAS token in microsoft/BridgeTower/README.md
2025-01-18 14:13:05,201 - WARNING - Found potential SAS token in microsoft/BridgeTower/README.md
2025-01-18 14:13:05,201 - WARNING - Found potential SAS token in microsoft/BridgeTower/README.md
2025-01-18 14:13:05,201 - WARNING - Found potential SAS token in microsoft/BridgeTower/README.md
2025-01-18 14:13:05,201 - WARNING - Found potential SAS token in microsoft/BridgeTower/README.md
2025-01-18 14:13:05,202 - WARNING - Found potential SAS token in microsoft/BridgeTower/README.md
2025-01-18 14:13:05,202 - WARNING - Found potential SAS token in microsoft/BridgeTower/README.md
2025-01-18 14:13:05,202 - WARNING - Found potential SAS token in microsoft/BridgeTower/README.md
2025-01-18 14:13:06,400 - WARNING - Found potential SAS token in PacificBiosciences/HiFi-human-WGS-WDL/docs/backend-azure.md
2025-01-18 14:13:08,097 - WARNING - Found potential SAS token in ChunyuanLI/Optimus/doc/optimius_for_snli.md
2025-01-18 14:13:08,654 - WARNING - Found potential SAS token in LLaVA-VL/LLaVA-Med-preview/download_data.sh
2025-01-18 14:13:09,151 - WARNING - Found potential SAS token in solliancenet/nosql-openhack/deploy.ps1
2025-01-18 14:13:10,994 - WARNING - Found potential SAS token in NINAnor/rare_species_detections/dcase_setup.sh
2025-01-18 14:13:13,147 - WARNING - Found potential SAS token in garyttierney/me3/CONTRIBUTING.md
2025-01-18 14:13:13,804 - WARNING - Found potential SAS token in Advsol/Innovations2019-react-starter/sync-demo.bat
2025-01-18 14:13:14,701 - WARNING - Found potential SAS token in Autodesk-Forge/design.automation-.net-input.output.sample/Program.cs
2025-01-18 14:13:15,968 - WARNING - Found potential SAS token in bdbcat/oesenc_pi/API12.txt
2025-01-18 14:13:18,665 - WARNING - Found potential SAS token in DestructiveSoul/GKEDemo/Dockerfile
2025-01-18 14:13:19,814 - WARNING - Found potential SAS token in cookiethome/my-first-static-web-app/src/script.js
2025-01-18 14:13:19,814 - WARNING - Found potential SAS token in cookiethome/my-first-static-web-app/src/script.js
2025-01-18 14:13:19,815 - WARNING - Found potential SAS token in cookiethome/my-first-static-web-app/src/script.js
2025-01-18 14:13:19,815 - WARNING - Found potential SAS token in cookiethome/my-first-static-web-app/src/script.js
2025-01-18 14:13:19,815 - WARNING - Found potential SAS token in cookiethome/my-first-static-web-app/src/script.js
2025-01-18 14:13:21,079 - WARNING - Found potential SAS token in SUC-DriverOld/so-vits-svc-Deployment-Documents/README_zh_CN.md
2025-01-18 14:13:21,636 - WARNING - Found potential SAS token in msalvaris/DaskKubernetes/storage.py
2025-01-18 14:13:21,636 - WARNING - Found potential SAS token in msalvaris/DaskKubernetes/storage.py
2025-01-18 14:13:22,706 - WARNING - Found potential SAS token in microsoft/AzureSuperpowers/docs/AzureSuperpowers.md
2025-01-18 14:13:22,706 - WARNING - Found potential SAS token in microsoft/AzureSuperpowers/docs/AzureSuperpowers.md
2025-01-18 14:13:22,706 - WARNING - Found potential SAS token in microsoft/AzureSuperpowers/docs/AzureSuperpowers.md
2025-01-18 14:13:22,707 - WARNING - Found potential SAS token in microsoft/AzureSuperpowers/docs/AzureSuperpowers.md
2025-01-18 14:13:22,707 - WARNING - Found potential SAS token in microsoft/AzureSuperpowers/docs/AzureSuperpowers.md
2025-01-18 14:13:22,707 - WARNING - Found potential SAS token in microsoft/AzureSuperpowers/docs/AzureSuperpowers.md
2025-01-18 14:13:22,707 - WARNING - Found potential SAS token in microsoft/AzureSuperpowers/docs/AzureSuperpowers.md
2025-01-18 14:13:25,999 - WARNING - Found potential SAS token in Raphael-Hao/brainstorm/benchmark/swin_moe/run.md
2025-01-18 14:13:27,680 - WARNING - Found potential SAS token in davew-msft/synapse/Lab030.sql
2025-01-18 14:13:27,680 - WARNING - Found potential SAS token in davew-msft/synapse/Lab030.sql
2025-01-18 14:13:27,681 - WARNING - Found potential SAS token in davew-msft/synapse/Lab030.sql
2025-01-18 14:13:28,249 - WARNING - Found potential SAS token in hakyimlab/gtex-gwas-analysis/data/gwas_metadata.txt
2025-01-18 14:13:28,249 - WARNING - Found potential SAS token in hakyimlab/gtex-gwas-analysis/data/gwas_metadata.txt
2025-01-18 14:13:28,249 - WARNING - Found potential SAS token in hakyimlab/gtex-gwas-analysis/data/gwas_metadata.txt
2025-01-18 14:13:28,250 - WARNING - Found potential SAS token in hakyimlab/gtex-gwas-analysis/data/gwas_metadata.txt
2025-01-18 14:13:29,315 - WARNING - Found potential SAS token in rahulbagal/upload-file-azure-sas-url/main.py
2025-01-18 14:13:30,982 - WARNING - Found potential SAS token in Azure/azvmimagebuilder/vhdUpdate2021.md
2025-01-18 14:13:30,982 - WARNING - Found potential SAS token in Azure/azvmimagebuilder/vhdUpdate2021.md
2025-01-18 14:13:31,633 - WARNING - Found potential SAS token in rdavisau/tbc/src/samples/maui/readme.md
2025-01-18 14:13:31,634 - WARNING - Found potential SAS token in rdavisau/tbc/src/samples/maui/readme.md
2025-01-18 14:13:32,182 - WARNING - Found potential SAS token in sharkawy98/raisa-tasks/task0.py
2025-01-18 14:13:32,708 - WARNING - Found potential SAS token in webmaxru/dnv-hackathon/index.js
2025-01-18 14:13:33,251 - WARNING - Found potential SAS token in microsoft-healthcare-madison/team/videos.md
2025-01-18 14:13:33,252 - WARNING - Found potential SAS token in microsoft-healthcare-madison/team/videos.md
2025-01-18 14:13:33,252 - WARNING - Found potential SAS token in microsoft-healthcare-madison/team/videos.md
2025-01-18 14:13:33,252 - WARNING - Found potential SAS token in microsoft-healthcare-madison/team/videos.md
2025-01-18 14:13:33,253 - WARNING - Found potential SAS token in microsoft-healthcare-madison/team/videos.md
2025-01-18 14:13:33,726 - WARNING - Found potential SAS token in sharkawy98/raisa-tasks/task4.py
2025-01-18 14:13:34,327 - WARNING - Found potential SAS token in davew-msft/synapse/serverless_etl.sql
2025-01-18 14:13:34,327 - WARNING - Found potential SAS token in davew-msft/synapse/serverless_etl.sql
2025-01-18 14:13:34,327 - WARNING - Found potential SAS token in davew-msft/synapse/serverless_etl.sql
2025-01-18 14:13:34,888 - WARNING - Found potential SAS token in Nore5515/c4tbot/scripts/upload.sh
2025-01-18 14:13:36,690 - WARNING - Found potential SAS token in rdavisau/tbc/readme.md
2025-01-18 14:13:36,691 - WARNING - Found potential SAS token in rdavisau/tbc/readme.md
2025-01-18 14:13:37,406 - WARNING - Found potential SAS token in microsoft/Health-AI-Blueprints-TA4HVisualizer/server.js
2025-01-18 14:13:37,908 - WARNING - Found potential SAS token in kyegomez/KosmosX-API/Dockerfile
2025-01-18 14:13:38,447 - WARNING - Found potential SAS token in johnthiriet/Xamarin.Android.Huawei.Hms/build.cake
2025-01-18 14:13:39,151 - WARNING - Found potential SAS token in microsoft/art/developer_guide.md
2025-01-18 14:13:42,425 - WARNING - Found potential SAS token in Ercenk/gosurvey/getCounter.php
2025-01-18 14:13:43,038 - WARNING - Found potential SAS token in zhengkid/PartialFormer/azsync.py
2025-01-18 14:13:43,616 - WARNING - Found potential SAS token in extratone/bilge/posts/licking-missouri.md
2025-01-18 14:13:44,216 - WARNING - Found potential SAS token in TimHanewich/Baseball-Betting-NN/readme.md
2025-01-18 14:13:44,216 - WARNING - Found potential SAS token in TimHanewich/Baseball-Betting-NN/readme.md
2025-01-18 14:13:44,217 - WARNING - Found potential SAS token in TimHanewich/Baseball-Betting-NN/readme.md
2025-01-18 14:13:44,217 - WARNING - Found potential SAS token in TimHanewich/Baseball-Betting-NN/readme.md
2025-01-18 14:13:44,217 - WARNING - Found potential SAS token in TimHanewich/Baseball-Betting-NN/readme.md
2025-01-18 14:13:44,217 - WARNING - Found potential SAS token in TimHanewich/Baseball-Betting-NN/readme.md
2025-01-18 14:13:44,217 - WARNING - Found potential SAS token in TimHanewich/Baseball-Betting-NN/readme.md
2025-01-18 14:13:45,284 - WARNING - Found potential SAS token in seguler/static-website-blob-browser/src/index.js
2025-01-18 14:13:46,417 - WARNING - Found potential SAS token in queenaler/arch2cloud/arch2cloud
2025-01-18 14:13:46,417 - WARNING - Found potential SAS token in queenaler/arch2cloud/arch2cloud
2025-01-18 14:13:46,417 - WARNING - Found potential SAS token in queenaler/arch2cloud/arch2cloud
2025-01-18 14:13:46,417 - WARNING - Found potential SAS token in queenaler/arch2cloud/arch2cloud
2025-01-18 14:13:46,418 - WARNING - Found potential SAS token in queenaler/arch2cloud/arch2cloud
2025-01-18 14:13:47,031 - WARNING - Found potential SAS token in shannuvijaya/Documents/Terraform Testing.txt
2025-01-18 14:13:47,032 - WARNING - Found potential SAS token in shannuvijaya/Documents/Terraform Testing.txt
2025-01-18 14:13:47,645 - WARNING - Found potential SAS token in evcu/cv2016/hw3/getData.sh
2025-01-18 14:13:47,646 - WARNING - Found potential SAS token in evcu/cv2016/hw3/getData.sh
2025-01-18 14:13:50,056 - WARNING - Found potential SAS token in DXFrance/BlueFrogHackfest/BlobStorage/ProvideSAS.md
2025-01-18 14:13:50,057 - WARNING - Found potential SAS token in DXFrance/BlueFrogHackfest/BlobStorage/ProvideSAS.md
2025-01-18 14:13:50,057 - WARNING - Found potential SAS token in DXFrance/BlueFrogHackfest/BlobStorage/ProvideSAS.md
2025-01-18 14:13:50,057 - WARNING - Found potential SAS token in DXFrance/BlueFrogHackfest/BlobStorage/ProvideSAS.md
2025-01-18 14:13:50,057 - WARNING - Found potential SAS token in DXFrance/BlueFrogHackfest/BlobStorage/ProvideSAS.md
2025-01-18 14:13:50,589 - WARNING - Found potential SAS token in davew-msft/synapse/Lab005.md
2025-01-18 14:13:50,591 - WARNING - Found potential SAS token in davew-msft/synapse/Lab005.md
2025-01-18 14:13:51,651 - WARNING - Found potential SAS token in Dannynis/deep_learning_course/day_8/data_path.txt
2025-01-18 14:13:52,851 - WARNING - Found potential SAS token in katha-ai/VELOCITI/model_loaders.py
2025-01-18 14:13:53,344 - WARNING - Found potential SAS token in jackgerrits/vw-perf/prepare.py
2025-01-18 14:13:53,867 - WARNING - Found potential SAS token in ue4plugins/UnrealPixelStreamingOnAzure/packer/README.md
2025-01-18 14:13:55,095 - WARNING - Found potential SAS token in shaneochotny/Azure-Synapse-Analytics-PoC/deploySynapse.sh
2025-01-18 14:13:56,449 - WARNING - Found potential SAS token in dmca-services/widget/widget.js
2025-01-18 14:13:56,450 - WARNING - Found potential SAS token in dmca-services/widget/widget.js
2025-01-18 14:13:57,742 - WARNING - Found potential SAS token in keboola/sapi-r-client/R/client.R
2025-01-18 14:13:57,743 - WARNING - Found potential SAS token in keboola/sapi-r-client/R/client.R
2025-01-18 14:13:58,227 - WARNING - Found potential SAS token in wsteitz/mars_express/src/ensemble.py
2025-01-18 14:13:58,902 - WARNING - Found potential SAS token in thedatadudech/hello_world_flask/src/app.py
2025-01-18 14:14:01,017 - WARNING - Found potential SAS token in OLC-Bioinformatics/ConFindr/docs/usage.md
2025-01-18 14:14:01,018 - WARNING - Found potential SAS token in OLC-Bioinformatics/ConFindr/docs/usage.md
2025-01-18 14:14:01,641 - WARNING - Found potential SAS token in abhirockzz/azure-dataexplorer-go/cli/ingest.go
2025-01-18 14:14:01,642 - WARNING - Found potential SAS token in abhirockzz/azure-dataexplorer-go/cli/ingest.go
2025-01-18 14:14:02,381 - WARNING - Found potential SAS token in simon19891101/Titanic/Project2.R
2025-01-18 14:14:02,382 - WARNING - Found potential SAS token in simon19891101/Titanic/Project2.R
2025-01-18 14:14:02,383 - WARNING - Found potential SAS token in simon19891101/Titanic/Project2.R
2025-01-18 14:14:05,086 - WARNING - Found potential SAS token in chmitch/AIAdjacent/Student/01-Setup.md
2025-01-18 14:14:05,748 - WARNING - Found potential SAS token in yutong1231/PUTJDZ/readme/prepare_data.md
2025-01-18 14:14:06,825 - WARNING - Found potential SAS token in JeremyMorgan/Cheesy-Vue-Blog/pushfiles.bat
2025-01-18 14:14:07,409 - WARNING - Found potential SAS token in mitchpaulus/dotfiles/notes/azure.md
2025-01-18 14:14:07,411 - INFO - Scanning for query: sv= sp= sig= blob.core.windows.net
2025-01-18 14:14:08,946 - WARNING - Found potential SAS token in sawyerf/HackSheet/wiki/Cloud.md
2025-01-18 14:14:08,946 - WARNING - Found potential SAS token in sawyerf/HackSheet/wiki/Cloud.md
2025-01-18 14:14:09,569 - WARNING - Found potential SAS token in doc-analysis/TableBank/MODEL_ZOO.md
2025-01-18 14:14:09,570 - WARNING - Found potential SAS token in doc-analysis/TableBank/MODEL_ZOO.md
2025-01-18 14:14:09,571 - WARNING - Found potential SAS token in doc-analysis/TableBank/MODEL_ZOO.md
2025-01-18 14:14:09,572 - WARNING - Found potential SAS token in doc-analysis/TableBank/MODEL_ZOO.md
2025-01-18 14:14:09,574 - WARNING - Found potential SAS token in doc-analysis/TableBank/MODEL_ZOO.md
2025-01-18 14:14:09,574 - WARNING - Found potential SAS token in doc-analysis/TableBank/MODEL_ZOO.md
2025-01-18 14:14:10,262 - WARNING - Found potential SAS token in microsoft/BridgeTower/README.md
2025-01-18 14:14:10,262 - WARNING - Found potential SAS token in microsoft/BridgeTower/README.md
2025-01-18 14:14:10,262 - WARNING - Found potential SAS token in microsoft/BridgeTower/README.md
2025-01-18 14:14:10,263 - WARNING - Found potential SAS token in microsoft/BridgeTower/README.md
2025-01-18 14:14:10,263 - WARNING - Found potential SAS token in microsoft/BridgeTower/README.md
2025-01-18 14:14:10,263 - WARNING - Found potential SAS token in microsoft/BridgeTower/README.md
2025-01-18 14:14:10,263 - WARNING - Found potential SAS token in microsoft/BridgeTower/README.md
2025-01-18 14:14:10,263 - WARNING - Found potential SAS token in microsoft/BridgeTower/README.md
2025-01-18 14:14:10,263 - WARNING - Found potential SAS token in microsoft/BridgeTower/README.md
2025-01-18 14:14:10,263 - WARNING - Found potential SAS token in microsoft/BridgeTower/README.md
2025-01-18 14:14:10,264 - WARNING - Found potential SAS token in microsoft/BridgeTower/README.md
2025-01-18 14:14:13,328 - WARNING - Found potential SAS token in ChunyuanLI/Optimus/doc/optimius_for_snli.md
2025-01-18 14:14:15,293 - WARNING - Found potential SAS token in LLaVA-VL/LLaVA-Med-preview/download_data.sh
2025-01-18 14:14:16,524 - WARNING - Found potential SAS token in NINAnor/rare_species_detections/dcase_setup.sh
2025-01-18 14:14:17,138 - WARNING - Found potential SAS token in Autodesk-Forge/design.automation-.net-input.output.sample/Program.cs
2025-01-18 14:14:17,753 - WARNING - Found potential SAS token in bdbcat/oesenc_pi/API12.txt
2025-01-18 14:14:18,469 - WARNING - Found potential SAS token in garyttierney/me3/CONTRIBUTING.md
2025-01-18 14:14:18,980 - WARNING - Found potential SAS token in solliancenet/nosql-openhack/deploy.ps1
2025-01-18 14:14:19,696 - WARNING - Found potential SAS token in zooniverse/subject-assistant/src/demo-data/task.txt
2025-01-18 14:14:19,697 - WARNING - Found potential SAS token in zooniverse/subject-assistant/src/demo-data/task.txt
2025-01-18 14:14:19,698 - WARNING - Found potential SAS token in zooniverse/subject-assistant/src/demo-data/task.txt
2025-01-18 14:14:20,413 - WARNING - Found potential SAS token in DFE-Digital/get-into-teaching-app/google/drive/upload.txt
2025-01-18 14:14:21,223 - WARNING - Found potential SAS token in microsoft/Health-AI-Blueprints-TA4HVisualizer/server.js
2025-01-18 14:14:21,748 - WARNING - Found potential SAS token in rdavisau/tbc/readme.md
2025-01-18 14:14:21,748 - WARNING - Found potential SAS token in rdavisau/tbc/readme.md
2025-01-18 14:14:22,872 - WARNING - Found potential SAS token in msalvaris/DaskKubernetes/storage.py
2025-01-18 14:14:22,872 - WARNING - Found potential SAS token in msalvaris/DaskKubernetes/storage.py
2025-01-18 14:14:23,589 - WARNING - Found potential SAS token in johnthiriet/Xamarin.Android.Huawei.Hms/build.cake
2025-01-18 14:14:24,207 - WARNING - Found potential SAS token in rahulbagal/upload-file-azure-sas-url/main.py
2025-01-18 14:14:24,796 - WARNING - Found potential SAS token in Advsol/Innovations2019-react-starter/sync-demo.bat
2025-01-18 14:14:25,814 - WARNING - Found potential SAS token in Computer-Vision-in-the-Wild/Elevater_Toolkit_IC/submission_file_readme.md
2025-01-18 14:14:25,814 - WARNING - Found potential SAS token in Computer-Vision-in-the-Wild/Elevater_Toolkit_IC/submission_file_readme.md
2025-01-18 14:14:26,976 - WARNING - Found potential SAS token in SUC-DriverOld/so-vits-svc-Deployment-Documents/README_zh_CN.md
2025-01-18 14:14:28,400 - WARNING - Found potential SAS token in sharkawy98/raisa-tasks/task0.py
2025-01-18 14:14:28,911 - WARNING - Found potential SAS token in davew-msft/synapse/Lab030.sql
2025-01-18 14:14:28,911 - WARNING - Found potential SAS token in davew-msft/synapse/Lab030.sql
2025-01-18 14:14:28,911 - WARNING - Found potential SAS token in davew-msft/synapse/Lab030.sql
2025-01-18 14:14:29,424 - WARNING - Found potential SAS token in sharkawy98/raisa-tasks/task4.py
2025-01-18 14:14:29,937 - WARNING - Found potential SAS token in seguler/static-website-blob-browser/src/index.js
2025-01-18 14:14:30,551 - WARNING - Found potential SAS token in zheng-ningxin/SparTA/script/init_env.sh
2025-01-18 14:14:31,130 - WARNING - Found potential SAS token in davew-msft/synapse/serverless_etl.sql
2025-01-18 14:14:31,130 - WARNING - Found potential SAS token in davew-msft/synapse/serverless_etl.sql
2025-01-18 14:14:31,131 - WARNING - Found potential SAS token in davew-msft/synapse/serverless_etl.sql
2025-01-18 14:14:31,780 - WARNING - Found potential SAS token in Raphael-Hao/brainstorm/benchmark/swin_moe/run.md
2025-01-18 14:14:32,329 - WARNING - Found potential SAS token in sharkawy98/raisa-tasks/outputs/wells.py
2025-01-18 14:14:32,330 - WARNING - Found potential SAS token in sharkawy98/raisa-tasks/outputs/wells.py
2025-01-18 14:14:33,009 - WARNING - Found potential SAS token in zhengkid/PartialFormer/azsync.py
2025-01-18 14:14:33,607 - WARNING - Found potential SAS token in kyegomez/KosmosX-API/Dockerfile
2025-01-18 14:14:34,236 - WARNING - Found potential SAS token in OLC-Bioinformatics/ConFindr/docs/usage.md
2025-01-18 14:14:34,236 - WARNING - Found potential SAS token in OLC-Bioinformatics/ConFindr/docs/usage.md
2025-01-18 14:14:34,887 - WARNING - Found potential SAS token in hakyimlab/gtex-gwas-analysis/data/gwas_metadata.txt
2025-01-18 14:14:34,887 - WARNING - Found potential SAS token in hakyimlab/gtex-gwas-analysis/data/gwas_metadata.txt
2025-01-18 14:14:34,887 - WARNING - Found potential SAS token in hakyimlab/gtex-gwas-analysis/data/gwas_metadata.txt
2025-01-18 14:14:34,888 - WARNING - Found potential SAS token in hakyimlab/gtex-gwas-analysis/data/gwas_metadata.txt
2025-01-18 14:14:35,398 - WARNING - Found potential SAS token in katha-ai/VELOCITI/model_loaders.py
2025-01-18 14:14:36,081 - WARNING - Found potential SAS token in delormej/irt_client/src/scripts/main.js
2025-01-18 14:14:36,591 - WARNING - Found potential SAS token in DestructiveSoul/GKEDemo/Dockerfile
2025-01-18 14:14:39,868 - WARNING - Found potential SAS token in Advsol/Innovations2019-config-page/sync-demo.bat
2025-01-18 14:14:40,397 - WARNING - Found potential SAS token in shaneochotny/Azure-Synapse-Analytics-PoC/deploySynapse.sh
2025-01-18 14:14:42,489 - WARNING - Found potential SAS token in jackgerrits/vw-perf/prepare.py
2025-01-18 14:14:43,038 - WARNING - Found potential SAS token in extratone/bilge/posts/licking-missouri.md
2025-01-18 14:14:44,172 - WARNING - Found potential SAS token in wsteitz/mars_express/src/ensemble.py
2025-01-18 14:14:45,423 - WARNING - Found potential SAS token in microsoft-healthcare-madison/team/videos.md
2025-01-18 14:14:45,424 - WARNING - Found potential SAS token in microsoft-healthcare-madison/team/videos.md
2025-01-18 14:14:45,424 - WARNING - Found potential SAS token in microsoft-healthcare-madison/team/videos.md
2025-01-18 14:14:45,424 - WARNING - Found potential SAS token in microsoft-healthcare-madison/team/videos.md
2025-01-18 14:14:45,424 - WARNING - Found potential SAS token in microsoft-healthcare-madison/team/videos.md
2025-01-18 14:14:47,150 - WARNING - Found potential SAS token in keboola/sapi-r-client/R/client.R
2025-01-18 14:14:47,151 - WARNING - Found potential SAS token in keboola/sapi-r-client/R/client.R
2025-01-18 14:14:47,754 - WARNING - Found potential SAS token in JeremyMorgan/Cheesy-Vue-Blog/pushfiles.bat
2025-01-18 14:14:49,266 - WARNING - Found potential SAS token in cookiethome/my-first-static-web-app/src/script.js
2025-01-18 14:14:49,267 - WARNING - Found potential SAS token in cookiethome/my-first-static-web-app/src/script.js
2025-01-18 14:14:49,268 - WARNING - Found potential SAS token in cookiethome/my-first-static-web-app/src/script.js
2025-01-18 14:14:49,268 - WARNING - Found potential SAS token in cookiethome/my-first-static-web-app/src/script.js
2025-01-18 14:14:49,268 - WARNING - Found potential SAS token in cookiethome/my-first-static-web-app/src/script.js
2025-01-18 14:14:49,748 - WARNING - Found potential SAS token in Ercenk/gosurvey/getCounter.php
2025-01-18 14:14:50,223 - WARNING - Found potential SAS token in Dannynis/deep_learning_course/day_8/data_path.txt
2025-01-18 14:14:50,750 - WARNING - Found potential SAS token in abhirockzz/azure-dataexplorer-go/cli/ingest.go
2025-01-18 14:14:50,751 - WARNING - Found potential SAS token in abhirockzz/azure-dataexplorer-go/cli/ingest.go
2025-01-18 14:14:52,978 - WARNING - Found potential SAS token in davew-msft/synapse/Lab005.md
2025-01-18 14:14:52,979 - WARNING - Found potential SAS token in davew-msft/synapse/Lab005.md
2025-01-18 14:14:53,507 - WARNING - Found potential SAS token in MattyLowe/com682/JS/pokemon.js
2025-01-18 14:14:53,508 - WARNING - Found potential SAS token in MattyLowe/com682/JS/pokemon.js
2025-01-18 14:14:53,508 - WARNING - Found potential SAS token in MattyLowe/com682/JS/pokemon.js
2025-01-18 14:14:53,508 - WARNING - Found potential SAS token in MattyLowe/com682/JS/pokemon.js
2025-01-18 14:14:53,508 - WARNING - Found potential SAS token in MattyLowe/com682/JS/pokemon.js
2025-01-18 14:14:53,508 - WARNING - Found potential SAS token in MattyLowe/com682/JS/pokemon.js
2025-01-18 14:14:54,048 - WARNING - Found potential SAS token in Explico-Engineering/explico-engineering.github.io/src/js/main.js
2025-01-18 14:14:54,049 - WARNING - Found potential SAS token in Explico-Engineering/explico-engineering.github.io/src/js/main.js
2025-01-18 14:14:54,601 - WARNING - Found potential SAS token in evcu/cv2016/hw3/getData.sh
2025-01-18 14:14:54,602 - WARNING - Found potential SAS token in evcu/cv2016/hw3/getData.sh
2025-01-18 14:14:55,917 - WARNING - Found potential SAS token in dmca-services/widget/widget.js
2025-01-18 14:14:55,917 - WARNING - Found potential SAS token in dmca-services/widget/widget.js
2025-01-18 14:14:56,413 - WARNING - Found potential SAS token in ANFTechTeam/anf-sql-snapshot-scheduler/NetAppSQL/run.ps1
2025-01-18 14:14:57,804 - WARNING - Found potential SAS token in robotastic/radiostar/blobrx_nogui.py
2025-01-18 14:14:59,001 - WARNING - Found potential SAS token in DXFrance/BlueFrogHackfest/BlobStorage/ProvideSAS.md
2025-01-18 14:14:59,002 - WARNING - Found potential SAS token in DXFrance/BlueFrogHackfest/BlobStorage/ProvideSAS.md
2025-01-18 14:14:59,002 - WARNING - Found potential SAS token in DXFrance/BlueFrogHackfest/BlobStorage/ProvideSAS.md
2025-01-18 14:14:59,002 - WARNING - Found potential SAS token in DXFrance/BlueFrogHackfest/BlobStorage/ProvideSAS.md
2025-01-18 14:14:59,002 - WARNING - Found potential SAS token in DXFrance/BlueFrogHackfest/BlobStorage/ProvideSAS.md
2025-01-18 14:14:59,646 - WARNING - Found potential SAS token in Sainathplv/UTA-WEBSITE/src/exams.js
2025-01-18 14:15:00,146 - WARNING - Found potential SAS token in jfraj/kaggle_titanic/myfirstforest.py
2025-01-18 14:15:00,617 - WARNING - Found potential SAS token in webmaxru/dnv-hackathon/index.js
2025-01-18 14:15:01,253 - WARNING - Found potential SAS token in qi-feng/ClassificationUsingScikitLearn/rf_module.py
2025-01-18 14:15:02,988 - WARNING - Found potential SAS token in AryaGhodsi/TestRepo/helloworld.py
2025-01-18 14:15:02,989 - WARNING - Found potential SAS token in AryaGhodsi/TestRepo/helloworld.py
2025-01-18 14:15:03,496 - WARNING - Found potential SAS token in valeria-a/morning-ninjas/lesson37/scrap.py
2025-01-18 14:15:05,167 - WARNING - Found potential SAS token in mitchpaulus/dotfiles/notes/azure.md
2025-01-18 14:15:05,778 - WARNING - Found potential SAS token in chmitch/AIAdjacent/Student/01-Setup.md
2025-01-18 14:15:06,391 - WARNING - Found potential SAS token in davew-msft/synapse/fb-labs/Lab01.md
2025-01-18 14:15:06,392 - WARNING - Found potential SAS token in davew-msft/synapse/fb-labs/Lab01.md
2025-01-18 14:15:07,762 - WARNING - Found potential SAS token in jxxcarlson/exo-nn/volve.txt
2025-01-18 14:15:08,441 - WARNING - Found potential SAS token in koksmat-com/koksmat/cmd/ship.go
2025-01-18 14:15:09,054 - WARNING - Found potential SAS token in Sainathplv/UTA-WEBSITE/src/feedback.js
2025-01-18 14:15:09,671 - WARNING - Found potential SAS token in mirkosalomo/Churn_Prediction/config.py
2025-01-18 14:15:09,672 - WARNING - Found potential SAS token in mirkosalomo/Churn_Prediction/config.py
2025-01-18 14:15:10,283 - WARNING - Found potential SAS token in Balkiska/CloudComputing/toknow
2025-01-18 14:15:10,288 - INFO - Report generated: sas_scan_report_20250118_141510.txt
